[2025-10-22T12:12:34.339+0000] {local_task_job_runner.py:120} INFO - ::group::Pre task execution logs
[2025-10-22T12:12:34.365+0000] {taskinstance.py:2076} INFO - Dependencies all met for dep_context=non-requeueable deps ti=<TaskInstance: dbt_passenger_count_dag.run_passenger_count_model manual__2025-10-22T12:12:28.338747+00:00 [queued]>
[2025-10-22T12:12:34.375+0000] {taskinstance.py:2076} INFO - Dependencies all met for dep_context=requeueable deps ti=<TaskInstance: dbt_passenger_count_dag.run_passenger_count_model manual__2025-10-22T12:12:28.338747+00:00 [queued]>
[2025-10-22T12:12:34.376+0000] {taskinstance.py:2306} INFO - Starting attempt 1 of 2
[2025-10-22T12:12:34.441+0000] {taskinstance.py:2330} INFO - Executing <Task(BashOperator): run_passenger_count_model> on 2025-10-22 12:12:28.338747+00:00
[2025-10-22T12:12:34.462+0000] {standard_task_runner.py:64} INFO - Started process 8508 to run task
[2025-10-22T12:12:34.468+0000] {standard_task_runner.py:90} INFO - Running: ['airflow', 'tasks', 'run', 'dbt_passenger_count_dag', 'run_passenger_count_model', 'manual__2025-10-22T12:12:28.338747+00:00', '--job-id', '17', '--raw', '--subdir', 'DAGS_FOLDER/dbt_passenger_dag.py', '--cfg-path', '/tmp/tmpz48lmg95']
[2025-10-22T12:12:34.470+0000] {standard_task_runner.py:91} INFO - Job 17: Subtask run_passenger_count_model
[2025-10-22T12:12:34.639+0000] {task_command.py:426} INFO - Running <TaskInstance: dbt_passenger_count_dag.run_passenger_count_model manual__2025-10-22T12:12:28.338747+00:00 [running]> on host ubun
[2025-10-22T12:12:34.977+0000] {taskinstance.py:2648} INFO - Exporting env vars: AIRFLOW_CTX_DAG_OWNER='khaled' AIRFLOW_CTX_DAG_ID='dbt_passenger_count_dag' AIRFLOW_CTX_TASK_ID='run_passenger_count_model' AIRFLOW_CTX_EXECUTION_DATE='2025-10-22T12:12:28.338747+00:00' AIRFLOW_CTX_TRY_NUMBER='1' AIRFLOW_CTX_DAG_RUN_ID='manual__2025-10-22T12:12:28.338747+00:00'
[2025-10-22T12:12:34.983+0000] {taskinstance.py:430} INFO - ::endgroup::
[2025-10-22T12:12:34.985+0000] {subprocess.py:63} INFO - Tmp dir root location: /tmp
[2025-10-22T12:12:34.985+0000] {subprocess.py:75} INFO - Running command: ['/usr/bin/bash', '-c', '\n        source /home/khaled/dbt-env/bin/activate &&         cd /home/khaled/fat/taxi_driver_project &&         dbt run --select passenger_count_dim --profiles-dir . >> /home/khaled/airflow/logs/dbt/passenger_count.log 2>&1\n        ']
[2025-10-22T12:12:35.032+0000] {subprocess.py:86} INFO - Output:
[2025-10-22T12:12:35.050+0000] {subprocess.py:93} INFO - /usr/bin/bash: line 2: /home/khaled/airflow/logs/dbt/passenger_count.log: No such file or directory
[2025-10-22T12:12:35.054+0000] {subprocess.py:97} INFO - Command exited with return code 1
[2025-10-22T12:12:35.054+0000] {taskinstance.py:441} INFO - ::group::Post task execution logs
[2025-10-22T12:12:35.101+0000] {taskinstance.py:2905} ERROR - Task failed with exception
Traceback (most recent call last):
  File "/home/khaled/dbt-env/lib/python3.12/site-packages/airflow/models/taskinstance.py", line 465, in _execute_task
    result = _execute_callable(context=context, **execute_callable_kwargs)
             ^^^^^^^^^^^^^^^^^^^^^^^^^^^^^^^^^^^^^^^^^^^^^^^^^^^^^^^^^^^^^
  File "/home/khaled/dbt-env/lib/python3.12/site-packages/airflow/models/taskinstance.py", line 432, in _execute_callable
    return execute_callable(context=context, **execute_callable_kwargs)
           ^^^^^^^^^^^^^^^^^^^^^^^^^^^^^^^^^^^^^^^^^^^^^^^^^^^^^^^^^^^^
  File "/home/khaled/dbt-env/lib/python3.12/site-packages/airflow/models/baseoperator.py", line 401, in wrapper
    return func(self, *args, **kwargs)
           ^^^^^^^^^^^^^^^^^^^^^^^^^^^
  File "/home/khaled/dbt-env/lib/python3.12/site-packages/airflow/operators/bash.py", line 243, in execute
    raise AirflowException(
airflow.exceptions.AirflowException: Bash command failed. The command returned a non-zero exit code 1.
[2025-10-22T12:12:35.123+0000] {taskinstance.py:1206} INFO - Marking task as UP_FOR_RETRY. dag_id=dbt_passenger_count_dag, task_id=run_passenger_count_model, run_id=manual__2025-10-22T12:12:28.338747+00:00, execution_date=20251022T121228, start_date=20251022T121234, end_date=20251022T121235
[2025-10-22T12:12:35.188+0000] {standard_task_runner.py:110} ERROR - Failed to execute job 17 for task run_passenger_count_model (Bash command failed. The command returned a non-zero exit code 1.; 8508)
[2025-10-22T12:12:35.224+0000] {local_task_job_runner.py:243} INFO - Task exited with return code 1
[2025-10-22T12:12:35.245+0000] {taskinstance.py:3503} INFO - 0 downstream tasks scheduled from follow-on schedule check
[2025-10-22T12:12:35.247+0000] {local_task_job_runner.py:222} INFO - ::endgroup::
