[2025-10-26T20:16:15.211+0000] {local_task_job_runner.py:123} INFO - ::group::Pre task execution logs
[2025-10-26T20:16:15.221+0000] {taskinstance.py:2612} INFO - Dependencies all met for dep_context=non-requeueable deps ti=<TaskInstance: snowflake_test_dag.load_stage_to_table manual__2025-10-26T20:15:51.774833+00:00 [queued]>
[2025-10-26T20:16:15.227+0000] {taskinstance.py:2612} INFO - Dependencies all met for dep_context=requeueable deps ti=<TaskInstance: snowflake_test_dag.load_stage_to_table manual__2025-10-26T20:15:51.774833+00:00 [queued]>
[2025-10-26T20:16:15.227+0000] {taskinstance.py:2865} INFO - Starting attempt 1 of 1
[2025-10-26T20:16:15.245+0000] {taskinstance.py:2888} INFO - Executing <Task(SnowflakeOperator): load_stage_to_table> on 2025-10-26 20:15:51.774833+00:00
[2025-10-26T20:16:15.255+0000] {standard_task_runner.py:104} INFO - Running: ['airflow', 'tasks', 'run', 'snowflake_test_dag', 'load_stage_to_table', 'manual__2025-10-26T20:15:51.774833+00:00', '--job-id', '82', '--raw', '--subdir', 'DAGS_FOLDER/test_dag2.py', '--cfg-path', '/tmp/tmpcmpnczz3']
[2025-10-26T20:16:15.256+0000] {standard_task_runner.py:105} INFO - Job 82: Subtask load_stage_to_table
[2025-10-26T20:16:15.266+0000] {logging_mixin.py:190} WARNING - /home/khaled/airflow_venv/lib/python3.12/site-packages/airflow/task/task_runner/standard_task_runner.py:70 DeprecationWarning: This process (pid=12070) is multi-threaded, use of fork() may lead to deadlocks in the child.
[2025-10-26T20:16:15.267+0000] {standard_task_runner.py:72} INFO - Started process 12110 to run task
[2025-10-26T20:16:15.302+0000] {task_command.py:467} INFO - Running <TaskInstance: snowflake_test_dag.load_stage_to_table manual__2025-10-26T20:15:51.774833+00:00 [running]> on host ubun
[2025-10-26T20:16:15.361+0000] {taskinstance.py:3131} INFO - Exporting env vars: AIRFLOW_CTX_DAG_OWNER='airflow' AIRFLOW_CTX_DAG_ID='snowflake_test_dag' AIRFLOW_CTX_TASK_ID='load_stage_to_table' AIRFLOW_CTX_EXECUTION_DATE='2025-10-26T20:15:51.774833+00:00' AIRFLOW_CTX_TRY_NUMBER='1' AIRFLOW_CTX_DAG_RUN_ID='manual__2025-10-26T20:15:51.774833+00:00'
[2025-10-26T20:16:15.362+0000] {logging_mixin.py:190} INFO - Task instance is in running state
[2025-10-26T20:16:15.363+0000] {logging_mixin.py:190} INFO -  Previous state of the Task instance: queued
[2025-10-26T20:16:15.363+0000] {logging_mixin.py:190} INFO - Current task name:load_stage_to_table state:running start_date:2025-10-26 20:16:15.221530+00:00
[2025-10-26T20:16:15.363+0000] {logging_mixin.py:190} INFO - Dag name:snowflake_test_dag and current dag run status:running
[2025-10-26T20:16:15.363+0000] {taskinstance.py:731} INFO - ::endgroup::
[2025-10-26T20:16:15.364+0000] {sql.py:266} INFO - Executing: 
        COPY INTO my_table
        FROM @taxi_stage
        FILE_FORMAT = (
            TYPE = CSV
            FIELD_OPTIONALLY_ENCLOSED_BY='"'
            SKIP_HEADER=1
            NULL_IF=('NULL')
        );
    
[2025-10-26T20:16:15.373+0000] {base.py:84} INFO - Retrieving connection 'snowflake'
[2025-10-26T20:16:15.379+0000] {base.py:84} INFO - Retrieving connection 'snowflake'
[2025-10-26T20:16:15.379+0000] {connection.py:521} INFO - Snowflake Connector for Python Version: 3.18.0, Python Version: 3.12.3, Platform: Linux-6.14.0-33-generic-x86_64-with-glibc2.39
[2025-10-26T20:16:15.380+0000] {connection.py:1464} INFO - Connecting to GLOBAL Snowflake domain
[2025-10-26T20:16:16.539+0000] {sql.py:509} INFO - Running statement: COPY INTO my_table
        FROM @taxi_stage
        FILE_FORMAT = (
            TYPE = CSV
            FIELD_OPTIONALLY_ENCLOSED_BY='"'
            SKIP_HEADER=1
            NULL_IF=('NULL')
        );, parameters: None
[2025-10-26T20:16:17.230+0000] {taskinstance.py:3310} ERROR - Task failed with exception
Traceback (most recent call last):
  File "/home/khaled/airflow_venv/lib/python3.12/site-packages/airflow/models/taskinstance.py", line 767, in _execute_task
    result = _execute_callable(context=context, **execute_callable_kwargs)
             ^^^^^^^^^^^^^^^^^^^^^^^^^^^^^^^^^^^^^^^^^^^^^^^^^^^^^^^^^^^^^
  File "/home/khaled/airflow_venv/lib/python3.12/site-packages/airflow/models/taskinstance.py", line 733, in _execute_callable
    return ExecutionCallableRunner(
           ^^^^^^^^^^^^^^^^^^^^^^^^
  File "/home/khaled/airflow_venv/lib/python3.12/site-packages/airflow/utils/operator_helpers.py", line 252, in run
    return self.func(*args, **kwargs)
           ^^^^^^^^^^^^^^^^^^^^^^^^^^
  File "/home/khaled/airflow_venv/lib/python3.12/site-packages/airflow/models/baseoperator.py", line 406, in wrapper
    return func(self, *args, **kwargs)
           ^^^^^^^^^^^^^^^^^^^^^^^^^^^
  File "/home/khaled/airflow_venv/lib/python3.12/site-packages/airflow/providers/common/sql/operators/sql.py", line 272, in execute
    output = hook.run(
             ^^^^^^^^^
  File "/home/khaled/airflow_venv/lib/python3.12/site-packages/airflow/providers/snowflake/hooks/snowflake.py", line 410, in run
    self._run_command(cur, sql_statement, parameters)  # type: ignore[attr-defined]
    ^^^^^^^^^^^^^^^^^^^^^^^^^^^^^^^^^^^^^^^^^^^^^^^^^
  File "/home/khaled/airflow_venv/lib/python3.12/site-packages/airflow/providers/common/sql/hooks/sql.py", line 514, in _run_command
    cur.execute(sql_statement)
  File "/home/khaled/airflow_venv/lib/python3.12/site-packages/snowflake/connector/cursor.py", line 1134, in execute
    Error.errorhandler_wrapper(self.connection, self, error_class, errvalue)
  File "/home/khaled/airflow_venv/lib/python3.12/site-packages/snowflake/connector/errors.py", line 286, in errorhandler_wrapper
    handed_over = Error.hand_to_other_handler(
                  ^^^^^^^^^^^^^^^^^^^^^^^^^^^^
  File "/home/khaled/airflow_venv/lib/python3.12/site-packages/snowflake/connector/errors.py", line 341, in hand_to_other_handler
    cursor.errorhandler(connection, cursor, error_class, error_value)
  File "/home/khaled/airflow_venv/lib/python3.12/site-packages/snowflake/connector/errors.py", line 217, in default_errorhandler
    raise error_class(
snowflake.connector.errors.ProgrammingError: 001757 (42601): 01bff9a0-0000-a24b-0000-d7fd0002efc2: SQL compilation error:
Table 'MY_TABLE' does not exist
[2025-10-26T20:16:17.234+0000] {logging_mixin.py:190} INFO - Task instance in failure state
[2025-10-26T20:16:17.235+0000] {logging_mixin.py:190} INFO - Task start:2025-10-26 20:16:15.221530+00:00 end:2025-10-26 20:16:17.234546+00:00 duration:2.013016
[2025-10-26T20:16:17.235+0000] {logging_mixin.py:190} INFO - Task:<Task(SnowflakeOperator): load_stage_to_table> dag:<DAG: snowflake_test_dag> dagrun:<DagRun snowflake_test_dag @ 2025-10-26 20:15:51.774833+00:00: manual__2025-10-26T20:15:51.774833+00:00, state:running, queued_at: 2025-10-26 20:15:51.797684+00:00. externally triggered: True>
[2025-10-26T20:16:17.235+0000] {logging_mixin.py:190} INFO - Failure caused by 001757 (42601): 01bff9a0-0000-a24b-0000-d7fd0002efc2: SQL compilation error:
Table 'MY_TABLE' does not exist
[2025-10-26T20:16:17.235+0000] {taskinstance.py:1225} INFO - Marking task as FAILED. dag_id=snowflake_test_dag, task_id=load_stage_to_table, run_id=manual__2025-10-26T20:15:51.774833+00:00, execution_date=20251026T201551, start_date=20251026T201615, end_date=20251026T201617
[2025-10-26T20:16:17.261+0000] {taskinstance.py:340} INFO - ::group::Post task execution logs
[2025-10-26T20:16:17.262+0000] {standard_task_runner.py:124} ERROR - Failed to execute job 82 for task load_stage_to_table (001757 (42601): 01bff9a0-0000-a24b-0000-d7fd0002efc2: SQL compilation error:
Table 'MY_TABLE' does not exist; 12110)
Traceback (most recent call last):
  File "/home/khaled/airflow_venv/lib/python3.12/site-packages/airflow/task/task_runner/standard_task_runner.py", line 117, in _start_by_fork
    ret = args.func(args, dag=self.dag)
          ^^^^^^^^^^^^^^^^^^^^^^^^^^^^^
  File "/home/khaled/airflow_venv/lib/python3.12/site-packages/airflow/cli/cli_config.py", line 49, in command
    return func(*args, **kwargs)
           ^^^^^^^^^^^^^^^^^^^^^
  File "/home/khaled/airflow_venv/lib/python3.12/site-packages/airflow/utils/cli.py", line 115, in wrapper
    return f(*args, **kwargs)
           ^^^^^^^^^^^^^^^^^^
  File "/home/khaled/airflow_venv/lib/python3.12/site-packages/airflow/cli/commands/task_command.py", line 483, in task_run
    task_return_code = _run_task_by_selected_method(args, _dag, ti)
                       ^^^^^^^^^^^^^^^^^^^^^^^^^^^^^^^^^^^^^^^^^^^^
  File "/home/khaled/airflow_venv/lib/python3.12/site-packages/airflow/cli/commands/task_command.py", line 256, in _run_task_by_selected_method
    return _run_raw_task(args, ti)
           ^^^^^^^^^^^^^^^^^^^^^^^
  File "/home/khaled/airflow_venv/lib/python3.12/site-packages/airflow/cli/commands/task_command.py", line 341, in _run_raw_task
    return ti._run_raw_task(
           ^^^^^^^^^^^^^^^^^
  File "/home/khaled/airflow_venv/lib/python3.12/site-packages/airflow/utils/session.py", line 97, in wrapper
    return func(*args, session=session, **kwargs)
           ^^^^^^^^^^^^^^^^^^^^^^^^^^^^^^^^^^^^^^
  File "/home/khaled/airflow_venv/lib/python3.12/site-packages/airflow/models/taskinstance.py", line 3004, in _run_raw_task
    return _run_raw_task(
           ^^^^^^^^^^^^^^
  File "/home/khaled/airflow_venv/lib/python3.12/site-packages/airflow/models/taskinstance.py", line 273, in _run_raw_task
    TaskInstance._execute_task_with_callbacks(
  File "/home/khaled/airflow_venv/lib/python3.12/site-packages/airflow/models/taskinstance.py", line 3158, in _execute_task_with_callbacks
    result = self._execute_task(context, task_orig)
             ^^^^^^^^^^^^^^^^^^^^^^^^^^^^^^^^^^^^^^
  File "/home/khaled/airflow_venv/lib/python3.12/site-packages/airflow/models/taskinstance.py", line 3182, in _execute_task
    return _execute_task(self, context, task_orig)
           ^^^^^^^^^^^^^^^^^^^^^^^^^^^^^^^^^^^^^^^
  File "/home/khaled/airflow_venv/lib/python3.12/site-packages/airflow/models/taskinstance.py", line 767, in _execute_task
    result = _execute_callable(context=context, **execute_callable_kwargs)
             ^^^^^^^^^^^^^^^^^^^^^^^^^^^^^^^^^^^^^^^^^^^^^^^^^^^^^^^^^^^^^
  File "/home/khaled/airflow_venv/lib/python3.12/site-packages/airflow/models/taskinstance.py", line 733, in _execute_callable
    return ExecutionCallableRunner(
           ^^^^^^^^^^^^^^^^^^^^^^^^
  File "/home/khaled/airflow_venv/lib/python3.12/site-packages/airflow/utils/operator_helpers.py", line 252, in run
    return self.func(*args, **kwargs)
           ^^^^^^^^^^^^^^^^^^^^^^^^^^
  File "/home/khaled/airflow_venv/lib/python3.12/site-packages/airflow/models/baseoperator.py", line 406, in wrapper
    return func(self, *args, **kwargs)
           ^^^^^^^^^^^^^^^^^^^^^^^^^^^
  File "/home/khaled/airflow_venv/lib/python3.12/site-packages/airflow/providers/common/sql/operators/sql.py", line 272, in execute
    output = hook.run(
             ^^^^^^^^^
  File "/home/khaled/airflow_venv/lib/python3.12/site-packages/airflow/providers/snowflake/hooks/snowflake.py", line 410, in run
    self._run_command(cur, sql_statement, parameters)  # type: ignore[attr-defined]
    ^^^^^^^^^^^^^^^^^^^^^^^^^^^^^^^^^^^^^^^^^^^^^^^^^
  File "/home/khaled/airflow_venv/lib/python3.12/site-packages/airflow/providers/common/sql/hooks/sql.py", line 514, in _run_command
    cur.execute(sql_statement)
  File "/home/khaled/airflow_venv/lib/python3.12/site-packages/snowflake/connector/cursor.py", line 1134, in execute
    Error.errorhandler_wrapper(self.connection, self, error_class, errvalue)
  File "/home/khaled/airflow_venv/lib/python3.12/site-packages/snowflake/connector/errors.py", line 286, in errorhandler_wrapper
    handed_over = Error.hand_to_other_handler(
                  ^^^^^^^^^^^^^^^^^^^^^^^^^^^^
  File "/home/khaled/airflow_venv/lib/python3.12/site-packages/snowflake/connector/errors.py", line 341, in hand_to_other_handler
    cursor.errorhandler(connection, cursor, error_class, error_value)
  File "/home/khaled/airflow_venv/lib/python3.12/site-packages/snowflake/connector/errors.py", line 217, in default_errorhandler
    raise error_class(
snowflake.connector.errors.ProgrammingError: 001757 (42601): 01bff9a0-0000-a24b-0000-d7fd0002efc2: SQL compilation error:
Table 'MY_TABLE' does not exist
[2025-10-26T20:16:17.296+0000] {local_task_job_runner.py:266} INFO - Task exited with return code 1
[2025-10-26T20:16:17.303+0000] {taskinstance.py:3900} INFO - 0 downstream tasks scheduled from follow-on schedule check
[2025-10-26T20:16:17.304+0000] {local_task_job_runner.py:245} INFO - ::endgroup::
