[2025-10-21T14:57:12.770+0000] {local_task_job_runner.py:120} INFO - ::group::Pre task execution logs
[2025-10-21T14:57:12.788+0000] {taskinstance.py:2076} INFO - Dependencies all met for dep_context=non-requeueable deps ti=<TaskInstance: dbt_passenger_count_dag.run_passenger_count_model manual__2025-10-21T14:57:09.768624+00:00 [queued]>
[2025-10-21T14:57:12.793+0000] {taskinstance.py:2076} INFO - Dependencies all met for dep_context=requeueable deps ti=<TaskInstance: dbt_passenger_count_dag.run_passenger_count_model manual__2025-10-21T14:57:09.768624+00:00 [queued]>
[2025-10-21T14:57:12.794+0000] {taskinstance.py:2306} INFO - Starting attempt 1 of 2
[2025-10-21T14:57:12.830+0000] {taskinstance.py:2330} INFO - Executing <Task(BashOperator): run_passenger_count_model> on 2025-10-21 14:57:09.768624+00:00
[2025-10-21T14:57:12.834+0000] {standard_task_runner.py:64} INFO - Started process 14723 to run task
[2025-10-21T14:57:12.849+0000] {standard_task_runner.py:90} INFO - Running: ['airflow', 'tasks', 'run', 'dbt_passenger_count_dag', 'run_passenger_count_model', 'manual__2025-10-21T14:57:09.768624+00:00', '--job-id', '12', '--raw', '--subdir', 'DAGS_FOLDER/dbt_passenger_dag.py', '--cfg-path', '/tmp/tmp96h9lw2d']
[2025-10-21T14:57:12.850+0000] {standard_task_runner.py:91} INFO - Job 12: Subtask run_passenger_count_model
[2025-10-21T14:57:12.913+0000] {task_command.py:426} INFO - Running <TaskInstance: dbt_passenger_count_dag.run_passenger_count_model manual__2025-10-21T14:57:09.768624+00:00 [running]> on host ubun
[2025-10-21T14:57:13.047+0000] {taskinstance.py:2648} INFO - Exporting env vars: AIRFLOW_CTX_DAG_OWNER='khaled' AIRFLOW_CTX_DAG_ID='dbt_passenger_count_dag' AIRFLOW_CTX_TASK_ID='run_passenger_count_model' AIRFLOW_CTX_EXECUTION_DATE='2025-10-21T14:57:09.768624+00:00' AIRFLOW_CTX_TRY_NUMBER='1' AIRFLOW_CTX_DAG_RUN_ID='manual__2025-10-21T14:57:09.768624+00:00'
[2025-10-21T14:57:13.050+0000] {taskinstance.py:430} INFO - ::endgroup::
[2025-10-21T14:57:13.052+0000] {subprocess.py:63} INFO - Tmp dir root location: /tmp
[2025-10-21T14:57:13.056+0000] {subprocess.py:75} INFO - Running command: ['/usr/bin/bash', '-c', '\n        source /home/khaled/dbt-env/bin/activate &&         cd /home/khaled/dbt_stage/snowflake_data_project &&         dbt run --select passenger_count_dim --profiles-dir . >> /home/khaled/airflow/logs/dbt/passenger_count.log 2>&1\n        ']
[2025-10-21T14:57:13.082+0000] {subprocess.py:86} INFO - Output:
[2025-10-21T14:57:13.091+0000] {subprocess.py:93} INFO - /usr/bin/bash: line 2: cd: /home/khaled/dbt_stage/snowflake_data_project: No such file or directory
[2025-10-21T14:57:13.091+0000] {subprocess.py:97} INFO - Command exited with return code 1
[2025-10-21T14:57:13.098+0000] {taskinstance.py:441} INFO - ::group::Post task execution logs
[2025-10-21T14:57:13.124+0000] {taskinstance.py:2905} ERROR - Task failed with exception
Traceback (most recent call last):
  File "/home/khaled/dbt-env/lib/python3.12/site-packages/airflow/models/taskinstance.py", line 465, in _execute_task
    result = _execute_callable(context=context, **execute_callable_kwargs)
             ^^^^^^^^^^^^^^^^^^^^^^^^^^^^^^^^^^^^^^^^^^^^^^^^^^^^^^^^^^^^^
  File "/home/khaled/dbt-env/lib/python3.12/site-packages/airflow/models/taskinstance.py", line 432, in _execute_callable
    return execute_callable(context=context, **execute_callable_kwargs)
           ^^^^^^^^^^^^^^^^^^^^^^^^^^^^^^^^^^^^^^^^^^^^^^^^^^^^^^^^^^^^
  File "/home/khaled/dbt-env/lib/python3.12/site-packages/airflow/models/baseoperator.py", line 401, in wrapper
    return func(self, *args, **kwargs)
           ^^^^^^^^^^^^^^^^^^^^^^^^^^^
  File "/home/khaled/dbt-env/lib/python3.12/site-packages/airflow/operators/bash.py", line 243, in execute
    raise AirflowException(
airflow.exceptions.AirflowException: Bash command failed. The command returned a non-zero exit code 1.
[2025-10-21T14:57:13.132+0000] {taskinstance.py:1206} INFO - Marking task as UP_FOR_RETRY. dag_id=dbt_passenger_count_dag, task_id=run_passenger_count_model, run_id=manual__2025-10-21T14:57:09.768624+00:00, execution_date=20251021T145709, start_date=20251021T145712, end_date=20251021T145713
[2025-10-21T14:57:13.184+0000] {standard_task_runner.py:110} ERROR - Failed to execute job 12 for task run_passenger_count_model (Bash command failed. The command returned a non-zero exit code 1.; 14723)
[2025-10-21T14:57:13.198+0000] {local_task_job_runner.py:243} INFO - Task exited with return code 1
[2025-10-21T14:57:13.228+0000] {taskinstance.py:3503} INFO - 0 downstream tasks scheduled from follow-on schedule check
[2025-10-21T14:57:13.232+0000] {local_task_job_runner.py:222} INFO - ::endgroup::
